<?xml version="1.0" encoding="UTF-8"?>
<!-- Generated by org.testng.reporters.JUnitReportReporter -->
<testsuite hostname="DESKTOP-42NF19T" failures="0" tests="1" name="WebAutomation.Tests.SubmitOrder" time="5.976" errors="0" timestamp="2024-07-16T14:16:25 WEST" skipped="0">
  <testcase classname="WebAutomation.Tests.SubmitOrder" name="submitOrder" time="5.976"/>
  <system-out/>
</testsuite> <!-- WebAutomation.Tests.SubmitOrder -->
