<?xml version="1.0" encoding="UTF-8"?>
<!-- Generated by org.testng.reporters.JUnitReportReporter -->
<testsuite hostname="DESKTOP-42NF19T" failures="0" tests="1" name="WebAutomation.Tests.EndToEnd_POM_With_TestNG" time="5.226" errors="0" timestamp="2024-07-16T14:12:32 WEST" skipped="0">
  <testcase classname="WebAutomation.Tests.EndToEnd_POM_With_TestNG" name="submitOrder" time="5.226"/>
  <system-out/>
</testsuite> <!-- WebAutomation.Tests.EndToEnd_POM_With_TestNG -->
