<?xml version="1.0" encoding="UTF-8"?>
<!-- Generated by org.testng.reporters.JUnitReportReporter -->
<testsuite hostname="DESKTOP-42NF19T" failures="0" tests="1" name="WebAutomation.Tests.ErrorValidationTest" time="19.048" errors="0" timestamp="2024-07-19T16:53:31 WEST" skipped="0">
  <testcase classname="WebAutomation.Tests.ErrorValidationTest" name="addProductErrorValidation" time="19.048"/>
  <system-out/>
</testsuite> <!-- WebAutomation.Tests.ErrorValidationTest -->
