<?xml version="1.0" encoding="UTF-8"?>
<!-- Generated by org.testng.reporters.JUnitReportReporter -->
<testsuite hostname="DESKTOP-42NF19T" failures="0" tests="2" name="Cucumber.TestNGTestRunner" time="16.143" errors="0" timestamp="2024-07-19T16:01:54 WEST" skipped="0">
  <testcase classname="Cucumber.TestNGTestRunner" name="runScenario" time="7.255"/>
  <system-out/>
  <testcase classname="Cucumber.TestNGTestRunner" name="runScenario" time="8.888"/>
  <system-out/>
</testsuite> <!-- Cucumber.TestNGTestRunner -->
