<?xml version="1.0" encoding="UTF-8"?>
<!-- Generated by org.testng.reporters.JUnitReportReporter -->
<testsuite hostname="DESKTOP-42NF19T" failures="0" tests="1" name="WebAutomation.Tests.EndToEnd_POM" time="13.599" errors="0" timestamp="2024-07-16T12:47:25 WEST" skipped="0">
  <testcase classname="WebAutomation.Tests.EndToEnd_POM" name="submitOrder" time="13.599"/>
  <system-out/>
</testsuite> <!-- WebAutomation.Tests.EndToEnd_POM -->
