<?xml version="1.0" encoding="UTF-8"?>
<!-- Generated by org.testng.reporters.JUnitReportReporter -->
<testsuite hostname="DESKTOP-42NF19T" failures="0" tests="3" name="WebAutomation.Tests.SubmitOrderTest" time="51.689" errors="0" timestamp="2024-07-17T17:03:28 WEST" skipped="0">
  <testcase classname="WebAutomation.Tests.SubmitOrderTest" name="orderHistoryTest" time="10.641"/>
  <system-out/>
  <testcase classname="WebAutomation.Tests.SubmitOrderTest" name="submitOrder" time="27.615"/>
  <system-out/>
  <testcase classname="WebAutomation.Tests.SubmitOrderTest" name="submitOrder" time="13.433"/>
  <system-out/>
</testsuite> <!-- WebAutomation.Tests.SubmitOrderTest -->
