<?xml version="1.0" encoding="UTF-8"?>
<!-- Generated by org.testng.reporters.JUnitReportReporter -->
<testsuite hostname="DESKTOP-42NF19T" failures="0" tests="2" name="Cucumber.TestNGTestRunner" time="26.969" errors="0" timestamp="2024-07-19T16:51:29 WEST" skipped="0">
  <testcase classname="Cucumber.TestNGTestRunner" name="runScenario" time="11.834"/>
  <testcase classname="Cucumber.TestNGTestRunner" name="runScenario" time="15.135"/>
</testsuite> <!-- Cucumber.TestNGTestRunner -->
