<?xml version="1.0" encoding="UTF-8"?>
<!-- Generated by org.testng.reporters.JUnitReportReporter -->
<testsuite hostname="DESKTOP-42NF19T" failures="0" tests="3" name="WebAutomation.Tests.SubmitOrderTest" time="55.385" errors="0" timestamp="2024-07-22T09:25:50 WEST" skipped="0">
  <testcase classname="WebAutomation.Tests.SubmitOrderTest" name="submitOrder" time="24.400"/>
  <testcase classname="WebAutomation.Tests.SubmitOrderTest" name="submitOrder" time="17.655"/>
  <testcase classname="WebAutomation.Tests.SubmitOrderTest" name="orderHistoryTest" time="13.330"/>
</testsuite> <!-- WebAutomation.Tests.SubmitOrderTest -->
